<?xml version="1.0" encoding="UTF-8"?>
<!-- Generated by org.testng.reporters.JUnitReportReporter -->
<testsuite skipped="0" hostname="dineshkila" name="com.bookshop.testcases.IndexPageTest" tests="2" failures="0" timestamp="17 Aug 2023 11:44:13 GMT" time="38.621" errors="0">
  <testcase name="verifyMyShopLogo" time="18.437" classname="com.bookshop.testcases.IndexPageTest"/>
  <testcase name="getMyTitle" time="20.184" classname="com.bookshop.testcases.IndexPageTest"/>
</testsuite> <!-- com.bookshop.testcases.IndexPageTest -->
