<?xml version="1.0" encoding="UTF-8"?>
<!-- Generated by org.testng.reporters.JUnitReportReporter -->
<testsuite skipped="0" hostname="dineshkila" name="com.bookshop.testcases.ProductPageTest" tests="1" failures="0" timestamp="17 Aug 2023 11:44:13 GMT" time="38.621" errors="0">
  <testcase name="ProductPageTest" time="38.621" classname="com.bookshop.testcases.ProductPageTest"/>
</testsuite> <!-- com.bookshop.testcases.ProductPageTest -->
