<?xml version="1.0" encoding="UTF-8"?>
<!-- Generated by org.testng.reporters.JUnitReportReporter -->
<testsuite skipped="0" hostname="dineshkila" name="com.bookshop.testcases.HomePageTest" tests="2" failures="0" timestamp="17 Aug 2023 11:44:13 GMT" time="56.378" errors="0">
  <testcase name="productShopTest" time="32.967" classname="com.bookshop.testcases.HomePageTest"/>
  <testcase name="verifyDashboad" time="23.411" classname="com.bookshop.testcases.HomePageTest"/>
</testsuite> <!-- com.bookshop.testcases.HomePageTest -->
