<?xml version="1.0" encoding="UTF-8"?>
<!-- Generated by org.testng.reporters.JUnitReportReporter -->
<testsuite skipped="0" hostname="dineshkila" name="com.bookshop.testcases.LoginPageTest" tests="5" failures="0" timestamp="17 Aug 2023 11:44:13 GMT" time="93.859" errors="0">
  <testcase name="loginTest" time="20.495" classname="com.bookshop.testcases.LoginPageTest"/>
  <testcase name="loginTest" time="15.243" classname="com.bookshop.testcases.LoginPageTest"/>
  <testcase name="loginTest" time="18.042" classname="com.bookshop.testcases.LoginPageTest"/>
  <testcase name="loginTest" time="17.436" classname="com.bookshop.testcases.LoginPageTest"/>
  <testcase name="loginTest" time="22.643" classname="com.bookshop.testcases.LoginPageTest"/>
</testsuite> <!-- com.bookshop.testcases.LoginPageTest -->
